<?xml version="1.0" encoding="UTF-8"?>
<!-- Generated by org.testng.reporters.JUnitReportReporter -->
<testsuite skipped="0" hostname="DESKTOP-MF3J2E8" name="com.scripts.MavenYahoo.TESTYahoo" tests="1" failures="0" timestamp="29 May 2020 12:25:07 GMT" time="14.241" errors="0">
  <testcase name="yahoo" time="14.241" classname="com.scripts.MavenYahoo.TESTYahoo"/>
</testsuite> <!-- com.scripts.MavenYahoo.TESTYahoo -->
